mode: set
creacipe-backend/controllers/auth_controller.go:23.31,25.49 2 1
creacipe-backend/controllers/auth_controller.go:25.49,28.3 2 1
creacipe-backend/controllers/auth_controller.go:30.2,30.70 1 1
creacipe-backend/controllers/auth_controller.go:30.70,33.3 2 0
creacipe-backend/controllers/auth_controller.go:36.2,37.16 2 1
creacipe-backend/controllers/auth_controller.go:37.16,40.3 2 0
creacipe-backend/controllers/auth_controller.go:42.2,49.54 2 1
creacipe-backend/controllers/auth_controller.go:49.54,52.3 2 1
creacipe-backend/controllers/auth_controller.go:56.2,57.57 2 1
creacipe-backend/controllers/auth_controller.go:57.57,60.3 1 0
creacipe-backend/controllers/auth_controller.go:64.2,67.64 2 1
creacipe-backend/controllers/auth_controller.go:72.28,74.49 2 1
creacipe-backend/controllers/auth_controller.go:74.49,77.3 2 0
creacipe-backend/controllers/auth_controller.go:80.2,80.70 1 1
creacipe-backend/controllers/auth_controller.go:80.70,83.3 2 0
creacipe-backend/controllers/auth_controller.go:86.2,88.101 2 1
creacipe-backend/controllers/auth_controller.go:88.101,91.3 2 1
creacipe-backend/controllers/auth_controller.go:93.2,93.35 1 1
creacipe-backend/controllers/auth_controller.go:93.35,96.3 2 1
creacipe-backend/controllers/auth_controller.go:98.2,98.101 1 1
creacipe-backend/controllers/auth_controller.go:98.101,101.3 2 1
creacipe-backend/controllers/auth_controller.go:105.2,106.16 2 1
creacipe-backend/controllers/auth_controller.go:106.16,109.3 2 0
creacipe-backend/controllers/auth_controller.go:113.2,114.16 2 1
creacipe-backend/controllers/auth_controller.go:114.16,117.3 2 0
creacipe-backend/controllers/auth_controller.go:119.2,124.4 2 1
creacipe-backend/controllers/auth_controller.go:129.35,134.48 2 1
creacipe-backend/controllers/auth_controller.go:134.48,137.3 2 0
creacipe-backend/controllers/auth_controller.go:140.2,140.89 1 1
creacipe-backend/controllers/auth_controller.go:140.89,142.3 1 1
creacipe-backend/controllers/auth_controller.go:144.2,144.32 1 1
creacipe-backend/controllers/auth_controller.go:144.32,147.3 2 1
creacipe-backend/controllers/auth_controller.go:149.2,150.9 2 1
creacipe-backend/controllers/auth_controller.go:150.9,153.3 2 0
creacipe-backend/controllers/auth_controller.go:156.2,160.77 3 1
creacipe-backend/controllers/auth_controller.go:160.77,163.3 2 0
creacipe-backend/controllers/auth_controller.go:165.2,165.35 1 1
creacipe-backend/controllers/auth_controller.go:165.35,168.3 2 0
creacipe-backend/controllers/auth_controller.go:172.2,173.16 2 1
creacipe-backend/controllers/auth_controller.go:173.16,176.3 2 0
creacipe-backend/controllers/auth_controller.go:179.2,181.4 1 1
creacipe-backend/controllers/auth_controller.go:186.43,193.49 3 1
creacipe-backend/controllers/auth_controller.go:193.49,196.3 2 0
creacipe-backend/controllers/auth_controller.go:199.2,199.108 1 1
creacipe-backend/controllers/auth_controller.go:199.108,202.3 2 0
creacipe-backend/controllers/auth_controller.go:205.2,219.63 5 1
creacipe-backend/controllers/auth_controller.go:219.63,222.3 2 0
creacipe-backend/controllers/auth_controller.go:224.2,224.113 1 1
creacipe-backend/controllers/auth_controller.go:224.113,227.3 2 0
creacipe-backend/controllers/auth_controller.go:229.2,234.4 2 1
creacipe-backend/controllers/auth_controller.go:238.45,246.49 3 1
creacipe-backend/controllers/auth_controller.go:246.49,249.3 2 0
creacipe-backend/controllers/auth_controller.go:252.2,254.80 2 1
creacipe-backend/controllers/auth_controller.go:254.80,257.3 2 0
creacipe-backend/controllers/auth_controller.go:260.2,260.47 1 1
creacipe-backend/controllers/auth_controller.go:260.47,263.3 2 0
creacipe-backend/controllers/auth_controller.go:266.2,267.16 2 1
creacipe-backend/controllers/auth_controller.go:267.16,270.3 2 0
creacipe-backend/controllers/auth_controller.go:273.2,273.96 1 1
creacipe-backend/controllers/auth_controller.go:273.96,276.3 2 0
creacipe-backend/controllers/auth_controller.go:279.2,283.69 3 1
creacipe-backend/controllers/auth_controller.go:289.41,296.49 3 1
creacipe-backend/controllers/auth_controller.go:296.49,299.3 2 0
creacipe-backend/controllers/auth_controller.go:302.2,303.126 2 1
creacipe-backend/controllers/auth_controller.go:303.126,306.3 2 0
creacipe-backend/controllers/auth_controller.go:309.2,324.67 5 1
creacipe-backend/controllers/auth_controller.go:324.67,327.3 2 0
creacipe-backend/controllers/auth_controller.go:330.2,330.115 1 1
creacipe-backend/controllers/auth_controller.go:330.115,333.3 2 0
creacipe-backend/controllers/auth_controller.go:335.2,341.4 2 1
creacipe-backend/controllers/auth_controller.go:345.43,352.49 3 1
creacipe-backend/controllers/auth_controller.go:352.49,355.3 2 0
creacipe-backend/controllers/auth_controller.go:358.2,360.84 2 1
creacipe-backend/controllers/auth_controller.go:360.84,363.3 2 0
creacipe-backend/controllers/auth_controller.go:366.2,366.51 1 1
creacipe-backend/controllers/auth_controller.go:366.51,369.3 2 0
creacipe-backend/controllers/auth_controller.go:372.2,373.138 2 1
creacipe-backend/controllers/auth_controller.go:373.138,376.3 2 0
creacipe-backend/controllers/auth_controller.go:379.2,379.97 1 1
creacipe-backend/controllers/auth_controller.go:379.97,382.3 2 0
creacipe-backend/controllers/auth_controller.go:385.2,392.4 3 1
creacipe-backend/controllers/auth_controller.go:398.44,403.49 2 1
creacipe-backend/controllers/auth_controller.go:403.49,406.3 2 0
creacipe-backend/controllers/auth_controller.go:409.2,410.85 2 1
creacipe-backend/controllers/auth_controller.go:410.85,417.3 2 1
creacipe-backend/controllers/auth_controller.go:420.2,434.63 5 1
creacipe-backend/controllers/auth_controller.go:434.63,437.3 2 0
creacipe-backend/controllers/auth_controller.go:443.2,443.113 1 1
creacipe-backend/controllers/auth_controller.go:443.113,447.3 2 0
creacipe-backend/controllers/auth_controller.go:451.2,456.4 2 1
creacipe-backend/controllers/auth_controller.go:460.43,467.49 2 1
creacipe-backend/controllers/auth_controller.go:467.49,470.3 2 0
creacipe-backend/controllers/auth_controller.go:473.2,474.85 2 1
creacipe-backend/controllers/auth_controller.go:474.85,477.3 2 0
creacipe-backend/controllers/auth_controller.go:480.2,482.80 2 1
creacipe-backend/controllers/auth_controller.go:482.80,485.3 2 1
creacipe-backend/controllers/auth_controller.go:488.2,488.47 1 1
creacipe-backend/controllers/auth_controller.go:488.47,491.3 2 1
creacipe-backend/controllers/auth_controller.go:494.2,495.16 2 1
creacipe-backend/controllers/auth_controller.go:495.16,498.3 2 0
creacipe-backend/controllers/auth_controller.go:501.2,501.96 1 1
creacipe-backend/controllers/auth_controller.go:501.96,504.3 2 0
creacipe-backend/controllers/auth_controller.go:507.2,511.112 3 1
creacipe-backend/controllers/category_controller.go:14.37,16.49 2 1
creacipe-backend/controllers/category_controller.go:16.49,19.3 2 1
creacipe-backend/controllers/category_controller.go:21.2,22.58 2 1
creacipe-backend/controllers/category_controller.go:22.58,25.3 2 1
creacipe-backend/controllers/category_controller.go:27.2,30.53 3 1
creacipe-backend/controllers/category_controller.go:34.39,36.58 2 1
creacipe-backend/controllers/category_controller.go:36.58,39.3 2 0
creacipe-backend/controllers/category_controller.go:40.2,40.50 1 1
creacipe-backend/controllers/category_controller.go:44.37,46.72 2 1
creacipe-backend/controllers/category_controller.go:46.72,49.3 2 1
creacipe-backend/controllers/category_controller.go:51.2,52.49 2 1
creacipe-backend/controllers/category_controller.go:52.49,55.3 2 1
creacipe-backend/controllers/category_controller.go:57.2,57.101 1 1
creacipe-backend/controllers/category_controller.go:57.101,60.3 2 0
creacipe-backend/controllers/category_controller.go:62.2,65.48 3 1
creacipe-backend/controllers/category_controller.go:69.37,71.72 2 1
creacipe-backend/controllers/category_controller.go:71.72,74.3 2 1
creacipe-backend/controllers/category_controller.go:76.2,80.58 2 1
creacipe-backend/controllers/category_controller.go:80.58,83.3 2 0
creacipe-backend/controllers/category_controller.go:85.2,88.70 3 1
creacipe-backend/controllers/comment_controller.go:13.36,19.61 4 1
creacipe-backend/controllers/comment_controller.go:19.61,22.3 2 1
creacipe-backend/controllers/comment_controller.go:25.2,29.49 2 1
creacipe-backend/controllers/comment_controller.go:29.49,32.3 2 1
creacipe-backend/controllers/comment_controller.go:35.2,39.27 3 1
creacipe-backend/controllers/comment_controller.go:39.27,44.80 2 1
creacipe-backend/controllers/comment_controller.go:44.80,47.4 2 1
creacipe-backend/controllers/comment_controller.go:50.3,50.42 1 1
creacipe-backend/controllers/comment_controller.go:50.42,53.4 2 0
creacipe-backend/controllers/comment_controller.go:55.3,60.36 2 1
creacipe-backend/controllers/comment_controller.go:60.36,62.4 1 0
creacipe-backend/controllers/comment_controller.go:62.9,66.4 1 1
creacipe-backend/controllers/comment_controller.go:68.8,72.33 2 1
creacipe-backend/controllers/comment_controller.go:72.33,74.4 1 0
creacipe-backend/controllers/comment_controller.go:78.2,85.57 2 1
creacipe-backend/controllers/comment_controller.go:85.57,88.3 2 0
creacipe-backend/controllers/comment_controller.go:92.2,92.66 1 1
creacipe-backend/controllers/comment_controller.go:92.66,96.28 3 1
creacipe-backend/controllers/comment_controller.go:96.28,99.4 2 1
creacipe-backend/controllers/comment_controller.go:99.9,102.4 2 0
creacipe-backend/controllers/comment_controller.go:104.3,113.34 2 1
creacipe-backend/controllers/comment_controller.go:116.2,119.4 1 1
creacipe-backend/controllers/comment_controller.go:123.40,136.16 5 1
creacipe-backend/controllers/comment_controller.go:136.16,140.3 1 0
creacipe-backend/controllers/comment_controller.go:142.2,142.16 1 1
creacipe-backend/controllers/comment_controller.go:142.16,145.3 2 0
creacipe-backend/controllers/comment_controller.go:147.2,148.69 2 1
creacipe-backend/controllers/comment_controller.go:148.69,153.43 4 1
creacipe-backend/controllers/comment_controller.go:153.43,155.4 1 0
creacipe-backend/controllers/comment_controller.go:158.3,166.17 4 1
creacipe-backend/controllers/comment_controller.go:166.17,167.34 1 1
creacipe-backend/controllers/comment_controller.go:167.34,169.5 1 1
creacipe-backend/controllers/comment_controller.go:172.3,182.4 1 1
creacipe-backend/controllers/comment_controller.go:185.2,186.35 2 1
creacipe-backend/controllers/comment_controller.go:186.35,188.3 1 1
creacipe-backend/controllers/comment_controller.go:190.2,193.4 1 1
creacipe-backend/controllers/comment_controller.go:197.36,203.67 4 1
creacipe-backend/controllers/comment_controller.go:203.67,206.3 2 1
creacipe-backend/controllers/comment_controller.go:208.2,208.35 1 1
creacipe-backend/controllers/comment_controller.go:208.35,211.3 2 1
creacipe-backend/controllers/comment_controller.go:213.2,213.57 1 1
creacipe-backend/controllers/comment_controller.go:213.57,216.3 2 0
creacipe-backend/controllers/comment_controller.go:219.2,219.70 1 1
creacipe-backend/controllers/editor_controller.go:14.40,31.35 9 1
creacipe-backend/controllers/editor_controller.go:31.35,33.3 1 0
creacipe-backend/controllers/editor_controller.go:36.2,52.35 6 1
creacipe-backend/controllers/editor_controller.go:52.35,54.3 1 0
creacipe-backend/controllers/editor_controller.go:56.2,56.45 1 1
creacipe-backend/controllers/editor_controller.go:60.47,69.18 4 0
creacipe-backend/controllers/editor_controller.go:69.18,71.3 1 0
creacipe-backend/controllers/editor_controller.go:73.2,73.74 1 0
creacipe-backend/controllers/editor_controller.go:73.74,76.3 2 0
creacipe-backend/controllers/editor_controller.go:77.2,77.45 1 0
creacipe-backend/controllers/editor_controller.go:81.38,83.145 2 0
creacipe-backend/controllers/editor_controller.go:83.145,86.3 2 0
creacipe-backend/controllers/editor_controller.go:87.2,87.45 1 0
creacipe-backend/controllers/editor_controller.go:91.39,93.68 2 1
creacipe-backend/controllers/editor_controller.go:93.68,96.3 2 1
creacipe-backend/controllers/editor_controller.go:98.2,99.49 2 1
creacipe-backend/controllers/editor_controller.go:99.49,102.3 2 1
creacipe-backend/controllers/editor_controller.go:105.2,109.32 4 1
creacipe-backend/controllers/editor_controller.go:109.32,111.3 1 1
creacipe-backend/controllers/editor_controller.go:111.8,111.39 1 1
creacipe-backend/controllers/editor_controller.go:111.39,113.3 1 1
creacipe-backend/controllers/editor_controller.go:115.2,115.70 1 1
creacipe-backend/controllers/editor_controller.go:115.70,118.3 2 0
creacipe-backend/controllers/editor_controller.go:121.2,122.32 2 1
creacipe-backend/controllers/editor_controller.go:122.32,124.3 1 1
creacipe-backend/controllers/editor_controller.go:125.2,128.32 2 1
creacipe-backend/controllers/editor_controller.go:128.32,137.3 1 1
creacipe-backend/controllers/editor_controller.go:137.8,137.39 1 1
creacipe-backend/controllers/editor_controller.go:137.39,139.19 2 1
creacipe-backend/controllers/editor_controller.go:139.19,141.4 1 0
creacipe-backend/controllers/editor_controller.go:142.3,149.4 1 1
creacipe-backend/controllers/editor_controller.go:153.2,153.44 1 1
creacipe-backend/controllers/interaction_controller.go:14.35,16.68 2 1
creacipe-backend/controllers/interaction_controller.go:16.68,19.3 2 1
creacipe-backend/controllers/interaction_controller.go:20.2,21.49 2 1
creacipe-backend/controllers/interaction_controller.go:21.49,24.3 2 0
creacipe-backend/controllers/interaction_controller.go:25.2,26.65 2 1
creacipe-backend/controllers/interaction_controller.go:26.65,29.3 2 1
creacipe-backend/controllers/interaction_controller.go:31.2,31.80 1 1
creacipe-backend/controllers/interaction_controller.go:31.80,34.3 2 0
creacipe-backend/controllers/interaction_controller.go:37.2,40.78 3 1
creacipe-backend/controllers/interaction_controller.go:44.35,46.68 2 1
creacipe-backend/controllers/interaction_controller.go:46.68,49.3 2 1
creacipe-backend/controllers/interaction_controller.go:50.2,52.86 2 1
creacipe-backend/controllers/interaction_controller.go:52.86,55.3 2 0
creacipe-backend/controllers/interaction_controller.go:58.2,60.71 2 1
creacipe-backend/controllers/interaction_controller.go:64.37,66.68 2 1
creacipe-backend/controllers/interaction_controller.go:66.68,69.3 2 0
creacipe-backend/controllers/interaction_controller.go:70.2,72.86 2 1
creacipe-backend/controllers/interaction_controller.go:72.86,75.3 2 0
creacipe-backend/controllers/interaction_controller.go:78.2,80.70 2 1
creacipe-backend/controllers/interaction_controller.go:84.50,86.68 2 1
creacipe-backend/controllers/interaction_controller.go:86.68,89.3 2 0
creacipe-backend/controllers/interaction_controller.go:90.2,98.16 6 1
creacipe-backend/controllers/interaction_controller.go:98.16,100.25 1 1
creacipe-backend/controllers/interaction_controller.go:100.25,101.28 1 1
creacipe-backend/controllers/interaction_controller.go:101.28,106.5 3 1
creacipe-backend/controllers/interaction_controller.go:106.10,112.5 4 0
creacipe-backend/controllers/interaction_controller.go:113.9,114.31 1 1
creacipe-backend/controllers/interaction_controller.go:114.31,119.5 3 0
creacipe-backend/controllers/interaction_controller.go:119.10,125.5 4 1
creacipe-backend/controllers/interaction_controller.go:127.3,127.24 1 1
creacipe-backend/controllers/interaction_controller.go:128.8,137.25 2 1
creacipe-backend/controllers/interaction_controller.go:137.25,141.4 3 1
creacipe-backend/controllers/interaction_controller.go:141.9,145.4 3 1
creacipe-backend/controllers/interaction_controller.go:147.3,147.29 1 1
creacipe-backend/controllers/interaction_controller.go:151.2,161.4 4 1
creacipe-backend/controllers/interaction_controller.go:165.31,167.2 1 1
creacipe-backend/controllers/interaction_controller.go:170.34,172.2 1 1
creacipe-backend/controllers/interaction_controller.go:175.47,177.68 2 1
creacipe-backend/controllers/interaction_controller.go:177.68,180.3 2 0
creacipe-backend/controllers/interaction_controller.go:182.2,189.16 6 1
creacipe-backend/controllers/interaction_controller.go:189.16,192.3 2 1
creacipe-backend/controllers/interaction_controller.go:195.2,203.4 4 1
creacipe-backend/controllers/menu_controller.go:18.33,31.16 8 1
creacipe-backend/controllers/menu_controller.go:31.16,35.3 2 1
creacipe-backend/controllers/menu_controller.go:38.2,43.59 5 1
creacipe-backend/controllers/menu_controller.go:43.59,46.3 2 0
creacipe-backend/controllers/menu_controller.go:47.2,60.54 3 1
creacipe-backend/controllers/menu_controller.go:60.54,63.3 2 0
creacipe-backend/controllers/menu_controller.go:67.2,68.21 2 1
creacipe-backend/controllers/menu_controller.go:68.21,72.22 2 0
creacipe-backend/controllers/menu_controller.go:72.22,78.21 3 0
creacipe-backend/controllers/menu_controller.go:78.21,80.5 1 0
creacipe-backend/controllers/menu_controller.go:86.2,89.44 2 1
creacipe-backend/controllers/menu_controller.go:93.34,95.117 2 0
creacipe-backend/controllers/menu_controller.go:95.117,98.3 2 0
creacipe-backend/controllers/menu_controller.go:101.2,109.29 3 0
creacipe-backend/controllers/menu_controller.go:109.29,125.3 5 0
creacipe-backend/controllers/menu_controller.go:127.2,127.47 1 0
creacipe-backend/controllers/menu_controller.go:131.34,135.100 2 1
creacipe-backend/controllers/menu_controller.go:135.100,138.3 2 1
creacipe-backend/controllers/menu_controller.go:141.2,164.46 8 0
creacipe-backend/controllers/menu_controller.go:168.33,170.84 2 0
creacipe-backend/controllers/menu_controller.go:170.84,173.3 2 0
creacipe-backend/controllers/menu_controller.go:181.2,185.99 2 0
creacipe-backend/controllers/menu_controller.go:185.99,188.3 2 0
creacipe-backend/controllers/menu_controller.go:191.2,197.17 5 0
creacipe-backend/controllers/menu_controller.go:197.17,199.3 1 0
creacipe-backend/controllers/menu_controller.go:200.2,200.23 1 0
creacipe-backend/controllers/menu_controller.go:200.23,202.3 1 0
creacipe-backend/controllers/menu_controller.go:203.2,203.27 1 0
creacipe-backend/controllers/menu_controller.go:203.27,205.3 1 0
creacipe-backend/controllers/menu_controller.go:206.2,206.28 1 0
creacipe-backend/controllers/menu_controller.go:206.28,208.3 1 0
creacipe-backend/controllers/menu_controller.go:211.2,212.16 2 0
creacipe-backend/controllers/menu_controller.go:212.16,219.60 5 0
creacipe-backend/controllers/menu_controller.go:219.60,222.4 2 0
creacipe-backend/controllers/menu_controller.go:223.3,223.67 1 0
creacipe-backend/controllers/menu_controller.go:227.2,228.21 2 0
creacipe-backend/controllers/menu_controller.go:228.21,234.22 3 0
creacipe-backend/controllers/menu_controller.go:234.22,237.21 3 0
creacipe-backend/controllers/menu_controller.go:237.21,239.5 1 0
creacipe-backend/controllers/menu_controller.go:244.2,244.52 1 0
creacipe-backend/controllers/menu_controller.go:244.52,247.3 2 0
creacipe-backend/controllers/menu_controller.go:250.2,256.44 3 0
creacipe-backend/controllers/menu_controller.go:260.33,262.68 2 1
creacipe-backend/controllers/menu_controller.go:262.68,265.3 2 0
creacipe-backend/controllers/menu_controller.go:267.2,271.99 3 1
creacipe-backend/controllers/menu_controller.go:271.99,274.3 2 0
creacipe-backend/controllers/menu_controller.go:276.2,276.54 1 1
creacipe-backend/controllers/menu_controller.go:276.54,279.3 2 0
creacipe-backend/controllers/menu_controller.go:282.2,285.67 2 1
creacipe-backend/controllers/menu_controller.go:289.38,292.101 2 1
creacipe-backend/controllers/menu_controller.go:292.101,295.3 2 0
creacipe-backend/controllers/menu_controller.go:297.2,306.29 3 1
creacipe-backend/controllers/menu_controller.go:306.29,326.3 7 1
creacipe-backend/controllers/menu_controller.go:330.2,330.38 1 1
creacipe-backend/controllers/menu_controller.go:330.38,331.41 1 1
creacipe-backend/controllers/menu_controller.go:331.41,334.165 1 1
creacipe-backend/controllers/menu_controller.go:334.165,336.5 1 1
creacipe-backend/controllers/menu_controller.go:341.2,341.23 1 1
creacipe-backend/controllers/menu_controller.go:341.23,343.3 1 1
creacipe-backend/controllers/menu_controller.go:345.2,345.47 1 1
creacipe-backend/controllers/menu_controller.go:349.33,355.128 3 0
creacipe-backend/controllers/menu_controller.go:355.128,358.3 2 0
creacipe-backend/controllers/menu_controller.go:362.2,370.29 3 0
creacipe-backend/controllers/menu_controller.go:370.29,387.3 6 0
creacipe-backend/controllers/menu_controller.go:389.2,389.47 1 0
creacipe-backend/controllers/menu_controller.go:393.37,400.33 4 1
creacipe-backend/controllers/menu_controller.go:400.33,403.3 2 0
creacipe-backend/controllers/menu_controller.go:405.2,408.135 2 1
creacipe-backend/controllers/menu_controller.go:408.135,411.3 2 0
creacipe-backend/controllers/menu_controller.go:414.2,422.29 3 1
creacipe-backend/controllers/menu_controller.go:422.29,439.3 6 1
creacipe-backend/controllers/menu_controller.go:441.2,441.47 1 1
creacipe-backend/controllers/menu_controller.go:445.38,458.31 7 1
creacipe-backend/controllers/menu_controller.go:458.31,460.3 1 1
creacipe-backend/controllers/menu_controller.go:461.2,461.39 1 1
creacipe-backend/controllers/menu_controller.go:461.39,463.3 1 1
creacipe-backend/controllers/menu_controller.go:465.2,466.28 2 1
creacipe-backend/controllers/menu_controller.go:466.28,468.3 1 1
creacipe-backend/controllers/menu_controller.go:470.2,470.26 1 1
creacipe-backend/controllers/menu_controller.go:470.26,473.3 2 0
creacipe-backend/controllers/menu_controller.go:475.2,478.128 2 1
creacipe-backend/controllers/menu_controller.go:478.128,481.3 2 0
creacipe-backend/controllers/menu_controller.go:484.2,492.29 3 1
creacipe-backend/controllers/menu_controller.go:492.29,509.3 6 1
creacipe-backend/controllers/menu_controller.go:511.2,511.47 1 1
creacipe-backend/controllers/notification_controller.go:13.41,21.56 4 1
creacipe-backend/controllers/notification_controller.go:21.56,24.3 2 1
creacipe-backend/controllers/notification_controller.go:27.2,34.85 6 1
creacipe-backend/controllers/notification_controller.go:34.85,37.3 2 0
creacipe-backend/controllers/notification_controller.go:39.2,46.4 1 1
creacipe-backend/controllers/notification_controller.go:50.49,56.35 3 1
creacipe-backend/controllers/notification_controller.go:56.35,59.3 2 0
creacipe-backend/controllers/notification_controller.go:61.2,61.53 1 1
creacipe-backend/controllers/notification_controller.go:65.45,71.42 4 1
creacipe-backend/controllers/notification_controller.go:71.42,74.3 2 1
creacipe-backend/controllers/notification_controller.go:76.2,76.85 1 1
creacipe-backend/controllers/notification_controller.go:76.85,79.3 2 0
creacipe-backend/controllers/notification_controller.go:81.2,81.77 1 1
creacipe-backend/controllers/notification_controller.go:85.49,90.45 2 1
creacipe-backend/controllers/notification_controller.go:90.45,93.3 2 0
creacipe-backend/controllers/notification_controller.go:95.2,95.83 1 1
creacipe-backend/controllers/recommendation_controller.go:18.41,24.77 3 1
creacipe-backend/controllers/recommendation_controller.go:24.77,28.3 3 1
creacipe-backend/controllers/recommendation_controller.go:29.2,31.17 2 0
creacipe-backend/controllers/recommendation_controller.go:31.17,34.3 2 0
creacipe-backend/controllers/recommendation_controller.go:37.2,44.16 4 0
creacipe-backend/controllers/recommendation_controller.go:44.16,48.3 3 0
creacipe-backend/controllers/recommendation_controller.go:49.2,52.16 3 0
creacipe-backend/controllers/recommendation_controller.go:52.16,56.3 3 0
creacipe-backend/controllers/recommendation_controller.go:59.2,59.38 1 0
creacipe-backend/controllers/recommendation_controller.go:59.38,64.3 3 0
creacipe-backend/controllers/recommendation_controller.go:67.2,68.65 2 0
creacipe-backend/controllers/recommendation_controller.go:68.65,73.3 3 0
creacipe-backend/controllers/recommendation_controller.go:77.2,85.32 3 0
creacipe-backend/controllers/recommendation_controller.go:85.32,89.43 2 0
creacipe-backend/controllers/recommendation_controller.go:89.43,91.4 1 0
creacipe-backend/controllers/recommendation_controller.go:102.3,124.93 2 0
creacipe-backend/controllers/recommendation_controller.go:124.93,128.4 3 0
creacipe-backend/controllers/recommendation_controller.go:149.8,151.3 1 0
creacipe-backend/controllers/recommendation_controller.go:153.2,153.56 1 0
creacipe-backend/controllers/recommendation_controller.go:157.49,170.37 9 1
creacipe-backend/controllers/recommendation_controller.go:170.37,171.36 1 0
creacipe-backend/controllers/recommendation_controller.go:171.36,174.4 2 0
creacipe-backend/controllers/recommendation_controller.go:177.2,177.25 1 1
creacipe-backend/controllers/recommendation_controller.go:177.25,180.3 2 1
creacipe-backend/controllers/recommendation_controller.go:183.2,184.127 2 0
creacipe-backend/controllers/recommendation_controller.go:184.127,188.3 3 0
creacipe-backend/controllers/recommendation_controller.go:189.2,189.30 1 0
creacipe-backend/controllers/recommendation_controller.go:189.30,193.3 3 0
creacipe-backend/controllers/recommendation_controller.go:196.2,197.39 2 0
creacipe-backend/controllers/recommendation_controller.go:197.39,199.3 1 0
creacipe-backend/controllers/recommendation_controller.go:200.2,205.16 4 0
creacipe-backend/controllers/recommendation_controller.go:205.16,209.3 3 0
creacipe-backend/controllers/recommendation_controller.go:210.2,213.16 3 0
creacipe-backend/controllers/recommendation_controller.go:213.16,217.3 3 0
creacipe-backend/controllers/recommendation_controller.go:218.2,218.38 1 0
creacipe-backend/controllers/recommendation_controller.go:218.38,222.3 3 0
creacipe-backend/controllers/recommendation_controller.go:225.2,226.65 2 0
creacipe-backend/controllers/recommendation_controller.go:226.65,230.3 3 0
creacipe-backend/controllers/recommendation_controller.go:233.2,241.32 3 0
creacipe-backend/controllers/recommendation_controller.go:241.32,244.43 2 0
creacipe-backend/controllers/recommendation_controller.go:244.43,246.4 1 0
creacipe-backend/controllers/recommendation_controller.go:249.3,271.93 2 0
creacipe-backend/controllers/recommendation_controller.go:271.93,275.4 3 0
creacipe-backend/controllers/recommendation_controller.go:278.3,279.41 2 0
creacipe-backend/controllers/recommendation_controller.go:279.41,281.4 1 0
creacipe-backend/controllers/recommendation_controller.go:283.3,286.27 4 0
creacipe-backend/controllers/recommendation_controller.go:286.27,288.4 1 0
creacipe-backend/controllers/recommendation_controller.go:290.3,290.35 1 0
creacipe-backend/controllers/recommendation_controller.go:290.35,291.59 1 0
creacipe-backend/controllers/recommendation_controller.go:291.59,293.5 1 0
creacipe-backend/controllers/recommendation_controller.go:295.8,297.3 1 0
creacipe-backend/controllers/recommendation_controller.go:299.2,299.56 1 0
creacipe-backend/controllers/reporting_controller.go:14.60,20.44 3 1
creacipe-backend/controllers/reporting_controller.go:20.44,21.63 1 1
creacipe-backend/controllers/reporting_controller.go:21.63,23.4 1 1
creacipe-backend/controllers/reporting_controller.go:25.2,25.42 1 1
creacipe-backend/controllers/reporting_controller.go:25.42,26.63 1 1
creacipe-backend/controllers/reporting_controller.go:26.63,29.4 1 1
creacipe-backend/controllers/reporting_controller.go:32.2,32.27 1 1
creacipe-backend/controllers/reporting_controller.go:37.37,52.2 6 1
creacipe-backend/controllers/reporting_controller.go:55.37,66.64 4 1
creacipe-backend/controllers/reporting_controller.go:66.64,69.3 2 1
creacipe-backend/controllers/reporting_controller.go:72.2,82.34 3 1
creacipe-backend/controllers/reporting_controller.go:82.34,84.41 2 1
creacipe-backend/controllers/reporting_controller.go:84.41,86.4 1 0
creacipe-backend/controllers/reporting_controller.go:90.2,100.36 3 1
creacipe-backend/controllers/reporting_controller.go:100.36,102.41 2 1
creacipe-backend/controllers/reporting_controller.go:102.41,104.4 1 0
creacipe-backend/controllers/reporting_controller.go:108.2,109.64 2 1
creacipe-backend/controllers/reporting_controller.go:109.64,112.3 2 1
creacipe-backend/controllers/reporting_controller.go:114.2,114.47 1 1
creacipe-backend/controllers/reporting_controller.go:119.33,135.16 4 1
creacipe-backend/controllers/reporting_controller.go:135.16,138.3 2 0
creacipe-backend/controllers/reporting_controller.go:140.2,140.47 1 1
creacipe-backend/controllers/reporting_controller.go:144.42,154.64 4 1
creacipe-backend/controllers/reporting_controller.go:154.64,157.3 2 1
creacipe-backend/controllers/reporting_controller.go:159.2,171.16 3 1
creacipe-backend/controllers/reporting_controller.go:171.16,174.3 2 1
creacipe-backend/controllers/reporting_controller.go:176.2,176.32 1 0
creacipe-backend/controllers/reporting_controller.go:176.32,178.41 2 0
creacipe-backend/controllers/reporting_controller.go:178.41,180.4 1 0
creacipe-backend/controllers/reporting_controller.go:184.2,185.64 2 0
creacipe-backend/controllers/reporting_controller.go:185.64,188.3 2 0
creacipe-backend/controllers/reporting_controller.go:190.2,190.47 1 0
creacipe-backend/controllers/reporting_controller.go:195.41,211.16 4 1
creacipe-backend/controllers/reporting_controller.go:211.16,214.3 2 0
creacipe-backend/controllers/reporting_controller.go:216.2,216.47 1 1
creacipe-backend/controllers/reporting_controller.go:220.46,236.16 4 1
creacipe-backend/controllers/reporting_controller.go:236.16,239.3 2 0
creacipe-backend/controllers/reporting_controller.go:241.2,241.47 1 1
creacipe-backend/controllers/setup_controller.go:15.38,23.19 3 0
creacipe-backend/controllers/setup_controller.go:23.19,26.3 2 0
creacipe-backend/controllers/setup_controller.go:29.2,30.49 2 0
creacipe-backend/controllers/setup_controller.go:30.49,33.3 2 0
creacipe-backend/controllers/setup_controller.go:36.2,37.16 2 0
creacipe-backend/controllers/setup_controller.go:37.16,40.3 2 0
creacipe-backend/controllers/setup_controller.go:43.2,51.61 2 0
creacipe-backend/controllers/setup_controller.go:51.61,54.3 2 0
creacipe-backend/controllers/setup_controller.go:57.2,65.93 4 0
creacipe-backend/controllers/tag_controller.go:14.33,17.72 2 1
creacipe-backend/controllers/tag_controller.go:17.72,20.3 2 0
creacipe-backend/controllers/tag_controller.go:21.2,21.44 1 1
creacipe-backend/controllers/tag_controller.go:25.32,27.49 2 1
creacipe-backend/controllers/tag_controller.go:27.49,30.3 2 1
creacipe-backend/controllers/tag_controller.go:32.2,37.53 2 1
creacipe-backend/controllers/tag_controller.go:37.53,40.3 2 0
creacipe-backend/controllers/tag_controller.go:43.2,46.48 3 1
creacipe-backend/controllers/tag_controller.go:50.32,52.67 2 1
creacipe-backend/controllers/tag_controller.go:52.67,55.3 2 1
creacipe-backend/controllers/tag_controller.go:57.2,58.49 2 1
creacipe-backend/controllers/tag_controller.go:58.49,61.3 2 0
creacipe-backend/controllers/tag_controller.go:63.2,63.67 1 1
creacipe-backend/controllers/tag_controller.go:63.67,66.3 2 0
creacipe-backend/controllers/tag_controller.go:69.2,72.43 3 1
creacipe-backend/controllers/tag_controller.go:76.32,78.67 2 1
creacipe-backend/controllers/tag_controller.go:78.67,81.3 2 1
creacipe-backend/controllers/tag_controller.go:83.2,85.53 2 1
creacipe-backend/controllers/tag_controller.go:85.53,88.3 2 0
creacipe-backend/controllers/tag_controller.go:91.2,94.65 3 1
creacipe-backend/controllers/user_controller.go:20.38,28.49 2 1
creacipe-backend/controllers/user_controller.go:28.49,31.3 2 0
creacipe-backend/controllers/user_controller.go:34.2,35.67 2 1
creacipe-backend/controllers/user_controller.go:35.67,38.3 2 0
creacipe-backend/controllers/user_controller.go:40.2,49.54 3 1
creacipe-backend/controllers/user_controller.go:49.54,52.3 2 1
creacipe-backend/controllers/user_controller.go:55.2,68.4 6 1
creacipe-backend/controllers/user_controller.go:74.33,76.68 2 1
creacipe-backend/controllers/user_controller.go:76.68,79.3 2 0
creacipe-backend/controllers/user_controller.go:81.2,87.49 2 1
creacipe-backend/controllers/user_controller.go:87.49,90.3 2 0
creacipe-backend/controllers/user_controller.go:93.2,93.22 1 1
creacipe-backend/controllers/user_controller.go:93.22,95.3 1 1
creacipe-backend/controllers/user_controller.go:96.2,96.23 1 1
creacipe-backend/controllers/user_controller.go:96.23,98.3 1 0
creacipe-backend/controllers/user_controller.go:99.2,99.26 1 1
creacipe-backend/controllers/user_controller.go:99.26,102.3 2 0
creacipe-backend/controllers/user_controller.go:104.2,104.52 1 1
creacipe-backend/controllers/user_controller.go:104.52,107.3 2 0
creacipe-backend/controllers/user_controller.go:110.2,116.4 3 1
creacipe-backend/controllers/user_controller.go:124.35,129.108 4 1
creacipe-backend/controllers/user_controller.go:129.108,132.3 2 0
creacipe-backend/controllers/user_controller.go:133.2,133.51 1 1
creacipe-backend/controllers/user_controller.go:137.38,146.16 4 1
creacipe-backend/controllers/user_controller.go:146.16,148.3 1 0
creacipe-backend/controllers/user_controller.go:151.2,162.16 6 1
creacipe-backend/controllers/user_controller.go:162.16,168.60 3 0
creacipe-backend/controllers/user_controller.go:168.60,171.4 2 0
creacipe-backend/controllers/user_controller.go:174.3,174.45 1 0
creacipe-backend/controllers/user_controller.go:177.2,177.55 1 1
creacipe-backend/controllers/user_controller.go:177.55,181.3 3 0
creacipe-backend/controllers/user_controller.go:183.2,188.71 3 1
creacipe-backend/controllers/user_controller.go:196.37,198.68 2 1
creacipe-backend/controllers/user_controller.go:198.68,201.3 2 0
creacipe-backend/controllers/user_controller.go:203.2,206.76 4 1
creacipe-backend/controllers/user_controller.go:210.35,215.68 2 1
creacipe-backend/controllers/user_controller.go:215.68,218.3 2 0
creacipe-backend/controllers/user_controller.go:221.2,224.73 4 1
creacipe-backend/controllers/user_controller.go:230.34,233.69 2 1
creacipe-backend/controllers/user_controller.go:233.69,236.3 2 0
creacipe-backend/controllers/user_controller.go:238.2,238.45 1 1
creacipe-backend/controllers/user_controller.go:242.34,245.107 2 1
creacipe-backend/controllers/user_controller.go:245.107,248.3 2 0
creacipe-backend/controllers/user_controller.go:250.2,250.44 1 1
creacipe-backend/controllers/user_controller.go:254.37,256.68 2 1
creacipe-backend/controllers/user_controller.go:256.68,259.3 2 0
creacipe-backend/controllers/user_controller.go:261.2,265.49 2 1
creacipe-backend/controllers/user_controller.go:265.49,268.3 2 0
creacipe-backend/controllers/user_controller.go:271.2,272.67 2 1
creacipe-backend/controllers/user_controller.go:272.67,275.3 2 0
creacipe-backend/controllers/user_controller.go:277.2,279.52 2 1
creacipe-backend/controllers/user_controller.go:279.52,282.3 2 0
creacipe-backend/controllers/user_controller.go:284.2,293.4 4 1
creacipe-backend/controllers/user_controller.go:297.33,299.68 2 1
creacipe-backend/controllers/user_controller.go:299.68,302.3 2 0
creacipe-backend/controllers/user_controller.go:305.2,306.39 2 1
creacipe-backend/controllers/user_controller.go:306.39,309.3 2 0
creacipe-backend/controllers/user_controller.go:311.2,313.54 2 1
creacipe-backend/controllers/user_controller.go:313.54,316.3 2 0
creacipe-backend/controllers/user_controller.go:318.2,320.70 2 1
creacipe-backend/controllers/user_controller.go:324.34,327.53 2 1
creacipe-backend/controllers/user_controller.go:327.53,330.3 2 0
creacipe-backend/controllers/user_controller.go:332.2,332.45 1 1
creacipe-backend/controllers/user_controller.go:336.38,344.33 2 1
creacipe-backend/controllers/user_controller.go:344.33,347.3 2 1
creacipe-backend/controllers/user_controller.go:350.2,350.22 1 0
creacipe-backend/controllers/user_controller.go:350.22,353.52 2 0
creacipe-backend/controllers/user_controller.go:353.52,356.4 1 0
creacipe-backend/controllers/user_controller.go:356.9,356.59 1 0
creacipe-backend/controllers/user_controller.go:356.59,359.4 1 0
creacipe-backend/controllers/user_controller.go:359.9,359.57 1 0
creacipe-backend/controllers/user_controller.go:359.57,362.4 1 0
creacipe-backend/controllers/user_controller.go:362.9,362.68 1 0
creacipe-backend/controllers/user_controller.go:362.68,365.4 1 0
creacipe-backend/controllers/user_controller.go:368.2,368.44 1 0
